[0.008s] Invoking command in '/ros_ws/bento_ws/build/turtle_control': CMAKE_PREFIX_PATH=${CMAKE_PREFIX_PATH}:/opt/ros/jazzy /usr/bin/cmake /ros_ws/bento_ws/turtle_control -DCMAKE_INSTALL_PREFIX=/ros_ws/bento_ws/install/turtle_control
[0.140s] -- The C compiler identification is GNU 13.3.0
[0.215s] -- The CXX compiler identification is GNU 13.3.0
[0.226s] -- Detecting C compiler ABI info
[0.297s] -- Detecting C compiler ABI info - done
[0.307s] -- Check for working C compiler: /usr/bin/cc - skipped
[0.307s] -- Detecting C compile features
[0.307s] -- Detecting C compile features - done
[0.313s] -- Detecting CXX compiler ABI info
[0.378s] -- Detecting CXX compiler ABI info - done
[0.389s] -- Check for working CXX compiler: /usr/bin/c++ - skipped
[0.389s] -- Detecting CXX compile features
[0.389s] -- Detecting CXX compile features - done
[0.395s] -- Found ament_cmake: 2.5.4 (/opt/ros/jazzy/share/ament_cmake/cmake)
[0.466s] -- Found Python3: /usr/bin/python3 (found version "3.12.3") found components: Interpreter 
[0.538s] -- Found ament_lint_auto: 0.17.2 (/opt/ros/jazzy/share/ament_lint_auto/cmake)
[0.613s] -- Added test 'lint_cmake' to check CMake code style
[0.617s] -- Added test 'xmllint' to check XML markup files
[0.622s] -- Configuring done (0.6s)
[0.637s] -- Generating done (0.0s)
[0.646s] -- Build files have been written to: /ros_ws/bento_ws/build/turtle_control
[0.646s] Invoked command in '/ros_ws/bento_ws/build/turtle_control' returned '0': CMAKE_PREFIX_PATH=${CMAKE_PREFIX_PATH}:/opt/ros/jazzy /usr/bin/cmake /ros_ws/bento_ws/turtle_control -DCMAKE_INSTALL_PREFIX=/ros_ws/bento_ws/install/turtle_control
[0.647s] Invoking command in '/ros_ws/bento_ws/build/turtle_control': CMAKE_PREFIX_PATH=${CMAKE_PREFIX_PATH}:/opt/ros/jazzy /usr/bin/cmake --build /ros_ws/bento_ws/build/turtle_control -- -j12 -l12
[0.665s] Invoked command in '/ros_ws/bento_ws/build/turtle_control' returned '0': CMAKE_PREFIX_PATH=${CMAKE_PREFIX_PATH}:/opt/ros/jazzy /usr/bin/cmake --build /ros_ws/bento_ws/build/turtle_control -- -j12 -l12
[0.670s] Invoking command in '/ros_ws/bento_ws/build/turtle_control': CMAKE_PREFIX_PATH=${CMAKE_PREFIX_PATH}:/opt/ros/jazzy /usr/bin/cmake --install /ros_ws/bento_ws/build/turtle_control
[0.674s] -- Install configuration: ""
[0.675s] -- Installing: /ros_ws/bento_ws/install/turtle_control/share/ament_index/resource_index/package_run_dependencies/turtle_control
[0.677s] -- Installing: /ros_ws/bento_ws/install/turtle_control/share/ament_index/resource_index/parent_prefix_path/turtle_control
[0.679s] -- Installing: /ros_ws/bento_ws/install/turtle_control/share/turtle_control/environment/ament_prefix_path.sh
[0.680s] -- Installing: /ros_ws/bento_ws/install/turtle_control/share/turtle_control/environment/ament_prefix_path.dsv
[0.681s] -- Installing: /ros_ws/bento_ws/install/turtle_control/share/turtle_control/environment/path.sh
[0.682s] -- Installing: /ros_ws/bento_ws/install/turtle_control/share/turtle_control/environment/path.dsv
[0.683s] -- Installing: /ros_ws/bento_ws/install/turtle_control/share/turtle_control/local_setup.bash
[0.685s] -- Installing: /ros_ws/bento_ws/install/turtle_control/share/turtle_control/local_setup.sh
[0.686s] -- Installing: /ros_ws/bento_ws/install/turtle_control/share/turtle_control/local_setup.zsh
[0.687s] -- Installing: /ros_ws/bento_ws/install/turtle_control/share/turtle_control/local_setup.dsv
[0.688s] -- Installing: /ros_ws/bento_ws/install/turtle_control/share/turtle_control/package.dsv
[0.690s] -- Installing: /ros_ws/bento_ws/install/turtle_control/share/ament_index/resource_index/packages/turtle_control
[0.691s] -- Installing: /ros_ws/bento_ws/install/turtle_control/share/turtle_control/cmake/turtle_controlConfig.cmake
[0.692s] -- Installing: /ros_ws/bento_ws/install/turtle_control/share/turtle_control/cmake/turtle_controlConfig-version.cmake
[0.693s] -- Installing: /ros_ws/bento_ws/install/turtle_control/share/turtle_control/package.xml
[0.695s] Invoked command in '/ros_ws/bento_ws/build/turtle_control' returned '0': CMAKE_PREFIX_PATH=${CMAKE_PREFIX_PATH}:/opt/ros/jazzy /usr/bin/cmake --install /ros_ws/bento_ws/build/turtle_control
