[0.006s] Invoking command in '/ros_ws/bento_ws/src/build/turtle_controller': CMAKE_PREFIX_PATH=${CMAKE_PREFIX_PATH}:/opt/ros/jazzy /usr/bin/cmake /ros_ws/bento_ws/src/turtle_controller -DCMAKE_INSTALL_PREFIX=/ros_ws/bento_ws/src/install/turtle_controller
[0.014s] -- Found ament_cmake: 2.5.4 (/opt/ros/jazzy/share/ament_cmake/cmake)
[0.120s] -- Found rclcpp: 28.1.10 (/opt/ros/jazzy/share/rclcpp/cmake)
[0.135s] -- Found rosidl_generator_c: 4.6.5 (/opt/ros/jazzy/share/rosidl_generator_c/cmake)
[0.140s] -- Found rosidl_generator_cpp: 4.6.5 (/opt/ros/jazzy/share/rosidl_generator_cpp/cmake)
[0.147s] -- Using all available rosidl_typesupport_c: rosidl_typesupport_fastrtps_c;rosidl_typesupport_introspection_c
[0.155s] -- Using all available rosidl_typesupport_cpp: rosidl_typesupport_fastrtps_cpp;rosidl_typesupport_introspection_cpp
[0.188s] -- Found rmw_implementation_cmake: 7.3.2 (/opt/ros/jazzy/share/rmw_implementation_cmake/cmake)
[0.190s] -- Found rmw_fastrtps_cpp: 8.4.2 (/opt/ros/jazzy/share/rmw_fastrtps_cpp/cmake)
[0.223s] -- Using RMW implementation 'rmw_fastrtps_cpp' as default
[0.254s] -- Found geometry_msgs: 5.3.6 (/opt/ros/jazzy/share/geometry_msgs/cmake)
[0.269s] -- Found ament_lint_auto: 0.17.2 (/opt/ros/jazzy/share/ament_lint_auto/cmake)
[0.317s] [31mCMake Error at CMakeLists.txt:25 (install):
[0.318s]   install TARGETS given target "turtle_control" which does not exist.
[0.318s] 
[0.318s] [0m
[0.322s] -- Added test 'copyright' to check source files copyright and LICENSE
[0.326s] -- Added test 'cppcheck' to perform static code analysis on C / C++ code
[0.326s] -- Configured cppcheck include dirs: 
[0.326s] -- Configured cppcheck exclude dirs and/or files: 
[0.329s] -- Added test 'cpplint' to check C / C++ code against the Google style
[0.329s] -- Configured cpplint exclude dirs and/or files: 
[0.331s] -- Added test 'lint_cmake' to check CMake code style
[0.336s] -- Added test 'uncrustify' to check C / C++ code style
[0.336s] -- Configured uncrustify additional arguments: 
[0.337s] -- Added test 'xmllint' to check XML markup files
[0.341s] -- Configuring incomplete, errors occurred!
[0.345s] Invoked command in '/ros_ws/bento_ws/src/build/turtle_controller' returned '1': CMAKE_PREFIX_PATH=${CMAKE_PREFIX_PATH}:/opt/ros/jazzy /usr/bin/cmake /ros_ws/bento_ws/src/turtle_controller -DCMAKE_INSTALL_PREFIX=/ros_ws/bento_ws/src/install/turtle_controller
