[0.050s] DEBUG:colcon:Command line arguments: ['/usr/bin/colcon', 'build']
[0.050s] DEBUG:colcon:Parsed command line arguments: Namespace(log_base=None, log_level=None, verb_name='build', build_base='build', install_base='install', merge_install=False, symlink_install=False, test_result_base=None, continue_on_error=False, executor='parallel', parallel_workers=12, event_handlers=None, ignore_user_meta=False, metas=['./colcon.meta'], base_paths=['.'], packages_ignore=None, packages_ignore_regex=None, paths=None, packages_up_to=None, packages_up_to_regex=None, packages_above=None, packages_above_and_dependencies=None, packages_above_depth=None, packages_select_by_dep=None, packages_skip_by_dep=None, packages_skip_up_to=None, packages_select_build_failed=False, packages_skip_build_finished=False, packages_select_test_failures=False, packages_skip_test_passed=False, packages_select=None, packages_skip=None, packages_select_regex=None, packages_skip_regex=None, packages_start=None, packages_end=None, allow_overriding=[], cmake_args=None, cmake_target=None, cmake_target_skip_unavailable=False, cmake_clean_cache=False, cmake_clean_first=False, cmake_force_configure=False, ament_cmake_args=None, catkin_cmake_args=None, catkin_skip_building_tests=False, verb_parser=<colcon_defaults.argument_parser.defaults.DefaultArgumentsDecorator object at 0xffff95b0e330>, verb_extension=<colcon_core.verb.build.BuildVerb object at 0xffff95c767b0>, main=<bound method BuildVerb.main of <colcon_core.verb.build.BuildVerb object at 0xffff95c767b0>>)
[0.070s] Level 1:colcon.colcon_core.package_discovery:discover_packages(colcon_meta) check parameters
[0.070s] Level 1:colcon.colcon_core.package_discovery:discover_packages(recursive) check parameters
[0.070s] Level 1:colcon.colcon_core.package_discovery:discover_packages(ignore) check parameters
[0.070s] Level 1:colcon.colcon_core.package_discovery:discover_packages(path) check parameters
[0.070s] Level 1:colcon.colcon_core.package_discovery:discover_packages(colcon_meta) discover
[0.071s] Level 1:colcon.colcon_core.package_discovery:discover_packages(recursive) discover
[0.071s] INFO:colcon.colcon_core.package_discovery:Crawling recursively for packages in '/ros_ws/bento_ws/src'
[0.071s] Level 1:colcon.colcon_core.package_identification:_identify(.) by extensions ['ignore', 'ignore_ament_install']
[0.071s] Level 1:colcon.colcon_core.package_identification:_identify(.) by extension 'ignore'
[0.071s] Level 1:colcon.colcon_core.package_identification:_identify(.) by extension 'ignore_ament_install'
[0.071s] Level 1:colcon.colcon_core.package_identification:_identify(.) by extensions ['colcon_pkg']
[0.071s] Level 1:colcon.colcon_core.package_identification:_identify(.) by extension 'colcon_pkg'
[0.071s] Level 1:colcon.colcon_core.package_identification:_identify(.) by extensions ['colcon_meta']
[0.071s] Level 1:colcon.colcon_core.package_identification:_identify(.) by extension 'colcon_meta'
[0.071s] Level 1:colcon.colcon_core.package_identification:_identify(.) by extensions ['ros']
[0.072s] Level 1:colcon.colcon_core.package_identification:_identify(.) by extension 'ros'
[0.084s] Level 1:colcon.colcon_core.package_identification:_identify(.) by extensions ['cmake', 'python']
[0.084s] Level 1:colcon.colcon_core.package_identification:_identify(.) by extension 'cmake'
[0.084s] Level 1:colcon.colcon_core.package_identification:_identify(.) by extension 'python'
[0.084s] Level 1:colcon.colcon_core.package_identification:_identify(.) by extensions ['python_setup_py']
[0.084s] Level 1:colcon.colcon_core.package_identification:_identify(.) by extension 'python_setup_py'
[0.085s] Level 1:colcon.colcon_core.package_identification:_identify(build) by extensions ['ignore', 'ignore_ament_install']
[0.085s] Level 1:colcon.colcon_core.package_identification:_identify(build) by extension 'ignore'
[0.085s] Level 1:colcon.colcon_core.package_identification:_identify(build) ignored
[0.085s] Level 1:colcon.colcon_core.package_identification:_identify(install) by extensions ['ignore', 'ignore_ament_install']
[0.085s] Level 1:colcon.colcon_core.package_identification:_identify(install) by extension 'ignore'
[0.085s] Level 1:colcon.colcon_core.package_identification:_identify(install) ignored
[0.086s] Level 1:colcon.colcon_core.package_identification:_identify(log) by extensions ['ignore', 'ignore_ament_install']
[0.086s] Level 1:colcon.colcon_core.package_identification:_identify(log) by extension 'ignore'
[0.086s] Level 1:colcon.colcon_core.package_identification:_identify(log) ignored
[0.086s] Level 1:colcon.colcon_core.package_identification:_identify(turtle_controller) by extensions ['ignore', 'ignore_ament_install']
[0.086s] Level 1:colcon.colcon_core.package_identification:_identify(turtle_controller) by extension 'ignore'
[0.086s] Level 1:colcon.colcon_core.package_identification:_identify(turtle_controller) by extension 'ignore_ament_install'
[0.086s] Level 1:colcon.colcon_core.package_identification:_identify(turtle_controller) by extensions ['colcon_pkg']
[0.087s] Level 1:colcon.colcon_core.package_identification:_identify(turtle_controller) by extension 'colcon_pkg'
[0.087s] Level 1:colcon.colcon_core.package_identification:_identify(turtle_controller) by extensions ['colcon_meta']
[0.087s] Level 1:colcon.colcon_core.package_identification:_identify(turtle_controller) by extension 'colcon_meta'
[0.087s] Level 1:colcon.colcon_core.package_identification:_identify(turtle_controller) by extensions ['ros']
[0.087s] Level 1:colcon.colcon_core.package_identification:_identify(turtle_controller) by extension 'ros'
[0.088s] DEBUG:colcon.colcon_core.package_identification:Package 'turtle_controller' with type 'ros.ament_cmake' and name 'turtle_controller'
[0.088s] Level 1:colcon.colcon_core.package_discovery:discover_packages(recursive) using defaults
[0.088s] Level 1:colcon.colcon_core.package_discovery:discover_packages(ignore) discover
[0.088s] Level 1:colcon.colcon_core.package_discovery:discover_packages(ignore) using defaults
[0.088s] Level 1:colcon.colcon_core.package_discovery:discover_packages(path) discover
[0.088s] Level 1:colcon.colcon_core.package_discovery:discover_packages(path) using defaults
[0.097s] Level 1:colcon.colcon_core.package_discovery:discover_packages(prefix_path) check parameters
[0.097s] Level 1:colcon.colcon_core.package_discovery:discover_packages(prefix_path) discover
[0.098s] DEBUG:colcon.colcon_installed_package_information.package_discovery:Found 262 installed packages in /opt/ros/jazzy
[0.098s] Level 1:colcon.colcon_core.package_discovery:discover_packages(prefix_path) using defaults
[0.116s] Level 5:colcon.colcon_core.verb:set package 'turtle_controller' build argument 'cmake_args' from command line to 'None'
[0.116s] Level 5:colcon.colcon_core.verb:set package 'turtle_controller' build argument 'cmake_target' from command line to 'None'
[0.116s] Level 5:colcon.colcon_core.verb:set package 'turtle_controller' build argument 'cmake_target_skip_unavailable' from command line to 'False'
[0.116s] Level 5:colcon.colcon_core.verb:set package 'turtle_controller' build argument 'cmake_clean_cache' from command line to 'False'
[0.116s] Level 5:colcon.colcon_core.verb:set package 'turtle_controller' build argument 'cmake_clean_first' from command line to 'False'
[0.116s] Level 5:colcon.colcon_core.verb:set package 'turtle_controller' build argument 'cmake_force_configure' from command line to 'False'
[0.116s] Level 5:colcon.colcon_core.verb:set package 'turtle_controller' build argument 'ament_cmake_args' from command line to 'None'
[0.116s] Level 5:colcon.colcon_core.verb:set package 'turtle_controller' build argument 'catkin_cmake_args' from command line to 'None'
[0.116s] Level 5:colcon.colcon_core.verb:set package 'turtle_controller' build argument 'catkin_skip_building_tests' from command line to 'False'
[0.116s] DEBUG:colcon.colcon_core.verb:Building package 'turtle_controller' with the following arguments: {'ament_cmake_args': None, 'build_base': '/ros_ws/bento_ws/src/build/turtle_controller', 'catkin_cmake_args': None, 'catkin_skip_building_tests': False, 'cmake_args': None, 'cmake_clean_cache': False, 'cmake_clean_first': False, 'cmake_force_configure': False, 'cmake_target': None, 'cmake_target_skip_unavailable': False, 'install_base': '/ros_ws/bento_ws/src/install/turtle_controller', 'merge_install': False, 'path': '/ros_ws/bento_ws/src/turtle_controller', 'symlink_install': False, 'test_result_base': None}
[0.116s] INFO:colcon.colcon_core.executor:Executing jobs using 'parallel' executor
[0.117s] DEBUG:colcon.colcon_parallel_executor.executor.parallel:run_until_complete
[0.117s] INFO:colcon.colcon_ros.task.ament_cmake.build:Building ROS package in '/ros_ws/bento_ws/src/turtle_controller' with build type 'ament_cmake'
[0.117s] INFO:colcon.colcon_cmake.task.cmake.build:Building CMake package in '/ros_ws/bento_ws/src/turtle_controller'
[0.117s] INFO:colcon.colcon_core.plugin_system:Skipping extension 'colcon_core.shell.bat': Not used on non-Windows systems
[0.118s] INFO:colcon.colcon_core.shell:Skip shell extension 'powershell' for command environment: Not usable outside of PowerShell
[0.118s] DEBUG:colcon.colcon_core.shell:Skip shell extension 'dsv' for command environment
[0.124s] DEBUG:colcon.colcon_core.event_handler.log_command:Invoking command in '/ros_ws/bento_ws/src/build/turtle_controller': CMAKE_PREFIX_PATH=${CMAKE_PREFIX_PATH}:/opt/ros/jazzy /usr/bin/cmake /ros_ws/bento_ws/src/turtle_controller -DCMAKE_INSTALL_PREFIX=/ros_ws/bento_ws/src/install/turtle_controller
[0.463s] DEBUG:colcon.colcon_core.event_handler.log_command:Invoked command in '/ros_ws/bento_ws/src/build/turtle_controller' returned '1': CMAKE_PREFIX_PATH=${CMAKE_PREFIX_PATH}:/opt/ros/jazzy /usr/bin/cmake /ros_ws/bento_ws/src/turtle_controller -DCMAKE_INSTALL_PREFIX=/ros_ws/bento_ws/src/install/turtle_controller
[0.470s] Level 1:colcon.colcon_core.environment:create_environment_scripts_only(turtle_controller)
[0.471s] Level 1:colcon.colcon_core.environment:checking '/ros_ws/bento_ws/src/install/turtle_controller' for CMake module files
[0.471s] Level 1:colcon.colcon_core.environment:checking '/ros_ws/bento_ws/src/install/turtle_controller' for CMake config files
[0.472s] Level 1:colcon.colcon_core.environment:checking '/ros_ws/bento_ws/src/install/turtle_controller/bin'
[0.473s] Level 1:colcon.colcon_core.environment:checking '/ros_ws/bento_ws/src/install/turtle_controller/lib/pkgconfig/turtle_controller.pc'
[0.473s] Level 1:colcon.colcon_core.environment:checking '/ros_ws/bento_ws/src/install/turtle_controller/lib/python3.12/site-packages'
[0.473s] Level 1:colcon.colcon_core.environment:checking '/ros_ws/bento_ws/src/install/turtle_controller/bin'
[0.473s] INFO:colcon.colcon_core.shell:Creating package script '/ros_ws/bento_ws/src/install/turtle_controller/share/turtle_controller/package.ps1'
[0.474s] INFO:colcon.colcon_core.shell:Creating package descriptor '/ros_ws/bento_ws/src/install/turtle_controller/share/turtle_controller/package.dsv'
[0.474s] INFO:colcon.colcon_core.shell:Creating package script '/ros_ws/bento_ws/src/install/turtle_controller/share/turtle_controller/package.sh'
[0.475s] INFO:colcon.colcon_core.shell:Creating package script '/ros_ws/bento_ws/src/install/turtle_controller/share/turtle_controller/package.bash'
[0.475s] INFO:colcon.colcon_core.shell:Creating package script '/ros_ws/bento_ws/src/install/turtle_controller/share/turtle_controller/package.zsh'
[0.475s] Level 1:colcon.colcon_core.environment:create_file_with_runtime_dependencies(/ros_ws/bento_ws/src/install/turtle_controller/share/colcon-core/packages/turtle_controller)
[0.476s] DEBUG:colcon.colcon_parallel_executor.executor.parallel:closing loop
[0.476s] DEBUG:colcon.colcon_parallel_executor.executor.parallel:loop closed
[0.476s] DEBUG:colcon.colcon_parallel_executor.executor.parallel:run_until_complete finished with '1'
[0.476s] DEBUG:colcon.colcon_core.event_reactor:joining thread
[0.479s] INFO:colcon.colcon_core.plugin_system:Skipping extension 'colcon_notification.desktop_notification.notify_send': Could not find 'notify-send'
[0.480s] INFO:colcon.colcon_core.plugin_system:Skipping extension 'colcon_notification.desktop_notification.terminal_notifier': Not used on non-Darwin systems
[0.480s] INFO:colcon.colcon_core.plugin_system:Skipping extension 'colcon_notification.desktop_notification.win32': Not used on non-Windows systems
[0.480s] INFO:colcon.colcon_notification.desktop_notification:Sending desktop notification using 'notify2'
[0.481s] DEBUG:colcon.colcon_notification.desktop_notification.notify2:Failed to initialize notify2: org.freedesktop.DBus.Error.Spawn.ExecFailed: /usr/bin/dbus-launch terminated abnormally without any error message
[0.481s] DEBUG:colcon.colcon_core.event_reactor:joined thread
[0.481s] INFO:colcon.colcon_core.shell:Creating prefix script '/ros_ws/bento_ws/src/install/local_setup.ps1'
[0.482s] INFO:colcon.colcon_core.shell:Creating prefix util module '/ros_ws/bento_ws/src/install/_local_setup_util_ps1.py'
[0.482s] INFO:colcon.colcon_core.shell:Creating prefix chain script '/ros_ws/bento_ws/src/install/setup.ps1'
[0.483s] INFO:colcon.colcon_core.shell:Creating prefix script '/ros_ws/bento_ws/src/install/local_setup.sh'
[0.484s] INFO:colcon.colcon_core.shell:Creating prefix util module '/ros_ws/bento_ws/src/install/_local_setup_util_sh.py'
[0.484s] INFO:colcon.colcon_core.shell:Creating prefix chain script '/ros_ws/bento_ws/src/install/setup.sh'
[0.485s] INFO:colcon.colcon_core.shell:Creating prefix script '/ros_ws/bento_ws/src/install/local_setup.bash'
[0.485s] INFO:colcon.colcon_core.shell:Creating prefix chain script '/ros_ws/bento_ws/src/install/setup.bash'
[0.486s] INFO:colcon.colcon_core.shell:Creating prefix script '/ros_ws/bento_ws/src/install/local_setup.zsh'
[0.486s] INFO:colcon.colcon_core.shell:Creating prefix chain script '/ros_ws/bento_ws/src/install/setup.zsh'
