[0.008s] Invoking command in '/ros_ws/bento_ws/build/turtle_controller': CMAKE_PREFIX_PATH=${CMAKE_PREFIX_PATH}:/opt/ros/jazzy /usr/bin/cmake /ros_ws/bento_ws/src/turtle_controller -DCMAKE_INSTALL_PREFIX=/ros_ws/bento_ws/install/turtle_controller
[0.044s] -- The C compiler identification is GNU 13.3.0
[0.079s] -- The CXX compiler identification is GNU 13.3.0
[0.087s] -- Detecting C compiler ABI info
[0.149s] -- Detecting C compiler ABI info - done
[0.159s] -- Check for working C compiler: /usr/bin/cc - skipped
[0.159s] -- Detecting C compile features
[0.160s] -- Detecting C compile features - done
[0.165s] -- Detecting CXX compiler ABI info
[0.231s] -- Detecting CXX compiler ABI info - done
[0.242s] -- Check for working CXX compiler: /usr/bin/c++ - skipped
[0.242s] -- Detecting CXX compile features
[0.243s] -- Detecting CXX compile features - done
[0.247s] -- Found ament_cmake: 2.5.4 (/opt/ros/jazzy/share/ament_cmake/cmake)
[0.331s] -- Found Python3: /usr/bin/python3 (found version "3.12.3") found components: Interpreter 
[0.417s] -- Found rclcpp: 28.1.10 (/opt/ros/jazzy/share/rclcpp/cmake)
[0.457s] -- Found rosidl_generator_c: 4.6.5 (/opt/ros/jazzy/share/rosidl_generator_c/cmake)
[0.471s] -- Found rosidl_generator_cpp: 4.6.5 (/opt/ros/jazzy/share/rosidl_generator_cpp/cmake)
[0.487s] -- Using all available rosidl_typesupport_c: rosidl_typesupport_fastrtps_c;rosidl_typesupport_introspection_c
[0.505s] -- Using all available rosidl_typesupport_cpp: rosidl_typesupport_fastrtps_cpp;rosidl_typesupport_introspection_cpp
[0.567s] -- Found rmw_implementation_cmake: 7.3.2 (/opt/ros/jazzy/share/rmw_implementation_cmake/cmake)
[0.571s] -- Found rmw_fastrtps_cpp: 8.4.2 (/opt/ros/jazzy/share/rmw_fastrtps_cpp/cmake)
[0.617s] -- Found OpenSSL: /usr/lib/aarch64-linux-gnu/libcrypto.so (found version "3.0.13")  
[0.627s] -- Found FastRTPS: /opt/ros/jazzy/include (Required is at least version "2.13") 
[0.639s] -- Using RMW implementation 'rmw_fastrtps_cpp' as default
[0.692s] -- Found geometry_msgs: 5.3.6 (/opt/ros/jazzy/share/geometry_msgs/cmake)
[0.713s] -- Found ament_lint_auto: 0.17.2 (/opt/ros/jazzy/share/ament_lint_auto/cmake)
[0.796s] -- Added test 'copyright' to check source files copyright and LICENSE
[0.800s] -- Added test 'cppcheck' to perform static code analysis on C / C++ code
[0.800s] -- Configured cppcheck include dirs: 
[0.800s] -- Configured cppcheck exclude dirs and/or files: 
[0.803s] -- Added test 'cpplint' to check C / C++ code against the Google style
[0.803s] -- Configured cpplint exclude dirs and/or files: 
[0.805s] -- Added test 'lint_cmake' to check CMake code style
[0.809s] -- Added test 'uncrustify' to check C / C++ code style
[0.809s] -- Configured uncrustify additional arguments: 
[0.811s] -- Added test 'xmllint' to check XML markup files
[0.820s] -- Configuring done (0.8s)
[0.843s] -- Generating done (0.0s)
[0.859s] -- Build files have been written to: /ros_ws/bento_ws/build/turtle_controller
[0.862s] Invoked command in '/ros_ws/bento_ws/build/turtle_controller' returned '0': CMAKE_PREFIX_PATH=${CMAKE_PREFIX_PATH}:/opt/ros/jazzy /usr/bin/cmake /ros_ws/bento_ws/src/turtle_controller -DCMAKE_INSTALL_PREFIX=/ros_ws/bento_ws/install/turtle_controller
[0.863s] Invoking command in '/ros_ws/bento_ws/build/turtle_controller': CMAKE_PREFIX_PATH=${CMAKE_PREFIX_PATH}:/opt/ros/jazzy /usr/bin/cmake --build /ros_ws/bento_ws/build/turtle_controller -- -j12 -l12
[0.900s] [ 50%] [32mBuilding CXX object CMakeFiles/turtle_control.dir/src/turtle_control.cpp.o[0m
[2.768s] [100%] [32m[1mLinking CXX executable turtle_control[0m
[2.872s] [100%] Built target turtle_control
[2.877s] Invoked command in '/ros_ws/bento_ws/build/turtle_controller' returned '0': CMAKE_PREFIX_PATH=${CMAKE_PREFIX_PATH}:/opt/ros/jazzy /usr/bin/cmake --build /ros_ws/bento_ws/build/turtle_controller -- -j12 -l12
[2.882s] Invoking command in '/ros_ws/bento_ws/build/turtle_controller': CMAKE_PREFIX_PATH=${CMAKE_PREFIX_PATH}:/opt/ros/jazzy /usr/bin/cmake --install /ros_ws/bento_ws/build/turtle_controller
[2.885s] -- Install configuration: ""
[2.887s] -- Installing: /ros_ws/bento_ws/install/turtle_controller/lib/turtle_controller/turtle_control
[2.894s] -- Set non-toolchain portion of runtime path of "/ros_ws/bento_ws/install/turtle_controller/lib/turtle_controller/turtle_control" to ""
[2.894s] -- Installing: /ros_ws/bento_ws/install/turtle_controller/share/ament_index/resource_index/package_run_dependencies/turtle_controller
[2.896s] -- Installing: /ros_ws/bento_ws/install/turtle_controller/share/ament_index/resource_index/parent_prefix_path/turtle_controller
[2.898s] -- Installing: /ros_ws/bento_ws/install/turtle_controller/share/turtle_controller/environment/ament_prefix_path.sh
[2.899s] -- Installing: /ros_ws/bento_ws/install/turtle_controller/share/turtle_controller/environment/ament_prefix_path.dsv
[2.900s] -- Installing: /ros_ws/bento_ws/install/turtle_controller/share/turtle_controller/environment/path.sh
[2.901s] -- Installing: /ros_ws/bento_ws/install/turtle_controller/share/turtle_controller/environment/path.dsv
[2.902s] -- Installing: /ros_ws/bento_ws/install/turtle_controller/share/turtle_controller/local_setup.bash
[2.904s] -- Installing: /ros_ws/bento_ws/install/turtle_controller/share/turtle_controller/local_setup.sh
[2.905s] -- Installing: /ros_ws/bento_ws/install/turtle_controller/share/turtle_controller/local_setup.zsh
[2.906s] -- Installing: /ros_ws/bento_ws/install/turtle_controller/share/turtle_controller/local_setup.dsv
[2.907s] -- Installing: /ros_ws/bento_ws/install/turtle_controller/share/turtle_controller/package.dsv
[2.909s] -- Installing: /ros_ws/bento_ws/install/turtle_controller/share/ament_index/resource_index/packages/turtle_controller
[2.910s] -- Installing: /ros_ws/bento_ws/install/turtle_controller/share/turtle_controller/cmake/ament_cmake_export_dependencies-extras.cmake
[2.911s] -- Installing: /ros_ws/bento_ws/install/turtle_controller/share/turtle_controller/cmake/turtle_controllerConfig.cmake
[2.912s] -- Installing: /ros_ws/bento_ws/install/turtle_controller/share/turtle_controller/cmake/turtle_controllerConfig-version.cmake
[2.914s] -- Installing: /ros_ws/bento_ws/install/turtle_controller/share/turtle_controller/package.xml
[2.917s] Invoked command in '/ros_ws/bento_ws/build/turtle_controller' returned '0': CMAKE_PREFIX_PATH=${CMAKE_PREFIX_PATH}:/opt/ros/jazzy /usr/bin/cmake --install /ros_ws/bento_ws/build/turtle_controller
