-- Found ament_cmake: 2.5.4 (/opt/ros/jazzy/share/ament_cmake/cmake)
-- Found rclcpp: 28.1.10 (/opt/ros/jazzy/share/rclcpp/cmake)
-- Found rosidl_generator_c: 4.6.5 (/opt/ros/jazzy/share/rosidl_generator_c/cmake)
-- Found rosidl_generator_cpp: 4.6.5 (/opt/ros/jazzy/share/rosidl_generator_cpp/cmake)
-- Using all available rosidl_typesupport_c: rosidl_typesupport_fastrtps_c;rosidl_typesupport_introspection_c
-- Using all available rosidl_typesupport_cpp: rosidl_typesupport_fastrtps_cpp;rosidl_typesupport_introspection_cpp
-- Found rmw_implementation_cmake: 7.3.2 (/opt/ros/jazzy/share/rmw_implementation_cmake/cmake)
-- Found rmw_fastrtps_cpp: 8.4.2 (/opt/ros/jazzy/share/rmw_fastrtps_cpp/cmake)
-- Using RMW implementation 'rmw_fastrtps_cpp' as default
-- Found geometry_msgs: 5.3.6 (/opt/ros/jazzy/share/geometry_msgs/cmake)
-- Found ament_lint_auto: 0.17.2 (/opt/ros/jazzy/share/ament_lint_auto/cmake)
-- Added test 'copyright' to check source files copyright and LICENSE
-- Added test 'cppcheck' to perform static code analysis on C / C++ code
-- Configured cppcheck include dirs: 
-- Configured cppcheck exclude dirs and/or files: 
-- Added test 'cpplint' to check C / C++ code against the Google style
-- Configured cpplint exclude dirs and/or files: 
-- Added test 'lint_cmake' to check CMake code style
-- Added test 'uncrustify' to check C / C++ code style
-- Configured uncrustify additional arguments: 
-- Added test 'xmllint' to check XML markup files
-- Configuring done (0.3s)
-- Generating done (0.0s)
-- Build files have been written to: /ros_ws/bento_ws/src/build/turtle_controller
[ 50%] [32mBuilding CXX object CMakeFiles/turtle_control.dir/src/turtle_control.cpp.o[0m
[100%] [32m[1mLinking CXX executable turtle_control[0m
[100%] Built target turtle_control
-- Install configuration: ""
-- Installing: /ros_ws/bento_ws/src/install/turtle_controller/lib/turtle_controller/turtle_control
-- Set non-toolchain portion of runtime path of "/ros_ws/bento_ws/src/install/turtle_controller/lib/turtle_controller/turtle_control" to ""
-- Installing: /ros_ws/bento_ws/src/install/turtle_controller/share/ament_index/resource_index/package_run_dependencies/turtle_controller
-- Installing: /ros_ws/bento_ws/src/install/turtle_controller/share/ament_index/resource_index/parent_prefix_path/turtle_controller
-- Installing: /ros_ws/bento_ws/src/install/turtle_controller/share/turtle_controller/environment/ament_prefix_path.sh
-- Installing: /ros_ws/bento_ws/src/install/turtle_controller/share/turtle_controller/environment/ament_prefix_path.dsv
-- Installing: /ros_ws/bento_ws/src/install/turtle_controller/share/turtle_controller/environment/path.sh
-- Installing: /ros_ws/bento_ws/src/install/turtle_controller/share/turtle_controller/environment/path.dsv
-- Installing: /ros_ws/bento_ws/src/install/turtle_controller/share/turtle_controller/local_setup.bash
-- Installing: /ros_ws/bento_ws/src/install/turtle_controller/share/turtle_controller/local_setup.sh
-- Installing: /ros_ws/bento_ws/src/install/turtle_controller/share/turtle_controller/local_setup.zsh
-- Installing: /ros_ws/bento_ws/src/install/turtle_controller/share/turtle_controller/local_setup.dsv
-- Installing: /ros_ws/bento_ws/src/install/turtle_controller/share/turtle_controller/package.dsv
-- Installing: /ros_ws/bento_ws/src/install/turtle_controller/share/ament_index/resource_index/packages/turtle_controller
-- Installing: /ros_ws/bento_ws/src/install/turtle_controller/share/turtle_controller/cmake/ament_cmake_export_dependencies-extras.cmake
-- Installing: /ros_ws/bento_ws/src/install/turtle_controller/share/turtle_controller/cmake/turtle_controllerConfig.cmake
-- Installing: /ros_ws/bento_ws/src/install/turtle_controller/share/turtle_controller/cmake/turtle_controllerConfig-version.cmake
-- Installing: /ros_ws/bento_ws/src/install/turtle_controller/share/turtle_controller/package.xml
