[0.006s] Invoking command in '/ros_ws/bento_ws/src/build/turtle_controller': CMAKE_PREFIX_PATH=${CMAKE_PREFIX_PATH}:/opt/ros/jazzy /usr/bin/cmake /ros_ws/bento_ws/src/turtle_controller -DCMAKE_INSTALL_PREFIX=/ros_ws/bento_ws/src/install/turtle_controller
[0.014s] -- Found ament_cmake: 2.5.4 (/opt/ros/jazzy/share/ament_cmake/cmake)
[0.118s] -- Found rclcpp: 28.1.10 (/opt/ros/jazzy/share/rclcpp/cmake)
[0.132s] -- Found rosidl_generator_c: 4.6.5 (/opt/ros/jazzy/share/rosidl_generator_c/cmake)
[0.138s] -- Found rosidl_generator_cpp: 4.6.5 (/opt/ros/jazzy/share/rosidl_generator_cpp/cmake)
[0.145s] -- Using all available rosidl_typesupport_c: rosidl_typesupport_fastrtps_c;rosidl_typesupport_introspection_c
[0.153s] -- Using all available rosidl_typesupport_cpp: rosidl_typesupport_fastrtps_cpp;rosidl_typesupport_introspection_cpp
[0.185s] -- Found rmw_implementation_cmake: 7.3.2 (/opt/ros/jazzy/share/rmw_implementation_cmake/cmake)
[0.186s] -- Found rmw_fastrtps_cpp: 8.4.2 (/opt/ros/jazzy/share/rmw_fastrtps_cpp/cmake)
[0.219s] -- Using RMW implementation 'rmw_fastrtps_cpp' as default
[0.250s] -- Found geometry_msgs: 5.3.6 (/opt/ros/jazzy/share/geometry_msgs/cmake)
[0.265s] -- Found ament_lint_auto: 0.17.2 (/opt/ros/jazzy/share/ament_lint_auto/cmake)
[0.318s] -- Added test 'copyright' to check source files copyright and LICENSE
[0.322s] -- Added test 'cppcheck' to perform static code analysis on C / C++ code
[0.322s] -- Configured cppcheck include dirs: 
[0.322s] -- Configured cppcheck exclude dirs and/or files: 
[0.325s] -- Added test 'cpplint' to check C / C++ code against the Google style
[0.325s] -- Configured cpplint exclude dirs and/or files: 
[0.327s] -- Added test 'lint_cmake' to check CMake code style
[0.332s] -- Added test 'uncrustify' to check C / C++ code style
[0.332s] -- Configured uncrustify additional arguments: 
[0.333s] -- Added test 'xmllint' to check XML markup files
[0.336s] -- Configuring done (0.3s)
[0.360s] -- Generating done (0.0s)
[0.373s] -- Build files have been written to: /ros_ws/bento_ws/src/build/turtle_controller
[0.373s] Invoked command in '/ros_ws/bento_ws/src/build/turtle_controller' returned '0': CMAKE_PREFIX_PATH=${CMAKE_PREFIX_PATH}:/opt/ros/jazzy /usr/bin/cmake /ros_ws/bento_ws/src/turtle_controller -DCMAKE_INSTALL_PREFIX=/ros_ws/bento_ws/src/install/turtle_controller
[0.374s] Invoking command in '/ros_ws/bento_ws/src/build/turtle_controller': CMAKE_PREFIX_PATH=${CMAKE_PREFIX_PATH}:/opt/ros/jazzy /usr/bin/cmake --build /ros_ws/bento_ws/src/build/turtle_controller -- -j12 -l12
[0.402s] [ 50%] [32mBuilding CXX object CMakeFiles/turtle_control.dir/src/turtle_control.cpp.o[0m
[2.560s] [100%] [32m[1mLinking CXX executable turtle_control[0m
[2.676s] [100%] Built target turtle_control
[2.682s] Invoked command in '/ros_ws/bento_ws/src/build/turtle_controller' returned '0': CMAKE_PREFIX_PATH=${CMAKE_PREFIX_PATH}:/opt/ros/jazzy /usr/bin/cmake --build /ros_ws/bento_ws/src/build/turtle_controller -- -j12 -l12
[2.687s] Invoking command in '/ros_ws/bento_ws/src/build/turtle_controller': CMAKE_PREFIX_PATH=${CMAKE_PREFIX_PATH}:/opt/ros/jazzy /usr/bin/cmake --install /ros_ws/bento_ws/src/build/turtle_controller
[2.691s] -- Install configuration: ""
[2.692s] -- Installing: /ros_ws/bento_ws/src/install/turtle_controller/lib/turtle_controller/turtle_control
[2.699s] -- Set non-toolchain portion of runtime path of "/ros_ws/bento_ws/src/install/turtle_controller/lib/turtle_controller/turtle_control" to ""
[2.700s] -- Installing: /ros_ws/bento_ws/src/install/turtle_controller/share/ament_index/resource_index/package_run_dependencies/turtle_controller
[2.701s] -- Installing: /ros_ws/bento_ws/src/install/turtle_controller/share/ament_index/resource_index/parent_prefix_path/turtle_controller
[2.703s] -- Installing: /ros_ws/bento_ws/src/install/turtle_controller/share/turtle_controller/environment/ament_prefix_path.sh
[2.704s] -- Installing: /ros_ws/bento_ws/src/install/turtle_controller/share/turtle_controller/environment/ament_prefix_path.dsv
[2.705s] -- Installing: /ros_ws/bento_ws/src/install/turtle_controller/share/turtle_controller/environment/path.sh
[2.706s] -- Installing: /ros_ws/bento_ws/src/install/turtle_controller/share/turtle_controller/environment/path.dsv
[2.707s] -- Installing: /ros_ws/bento_ws/src/install/turtle_controller/share/turtle_controller/local_setup.bash
[2.708s] -- Installing: /ros_ws/bento_ws/src/install/turtle_controller/share/turtle_controller/local_setup.sh
[2.709s] -- Installing: /ros_ws/bento_ws/src/install/turtle_controller/share/turtle_controller/local_setup.zsh
[2.711s] -- Installing: /ros_ws/bento_ws/src/install/turtle_controller/share/turtle_controller/local_setup.dsv
[2.712s] -- Installing: /ros_ws/bento_ws/src/install/turtle_controller/share/turtle_controller/package.dsv
[2.714s] -- Installing: /ros_ws/bento_ws/src/install/turtle_controller/share/ament_index/resource_index/packages/turtle_controller
[2.715s] -- Installing: /ros_ws/bento_ws/src/install/turtle_controller/share/turtle_controller/cmake/ament_cmake_export_dependencies-extras.cmake
[2.716s] -- Installing: /ros_ws/bento_ws/src/install/turtle_controller/share/turtle_controller/cmake/turtle_controllerConfig.cmake
[2.717s] -- Installing: /ros_ws/bento_ws/src/install/turtle_controller/share/turtle_controller/cmake/turtle_controllerConfig-version.cmake
[2.719s] -- Installing: /ros_ws/bento_ws/src/install/turtle_controller/share/turtle_controller/package.xml
[2.722s] Invoked command in '/ros_ws/bento_ws/src/build/turtle_controller' returned '0': CMAKE_PREFIX_PATH=${CMAKE_PREFIX_PATH}:/opt/ros/jazzy /usr/bin/cmake --install /ros_ws/bento_ws/src/build/turtle_controller
