[0.008s] Invoking command in '/ros_ws/bento_ws/src/build/turtle_controller': CMAKE_PREFIX_PATH=${CMAKE_PREFIX_PATH}:/opt/ros/jazzy /usr/bin/cmake /ros_ws/bento_ws/src/turtle_controller -DCMAKE_INSTALL_PREFIX=/ros_ws/bento_ws/src/install/turtle_controller
[0.061s] -- The C compiler identification is GNU 13.3.0
[0.102s] -- The CXX compiler identification is GNU 13.3.0
[0.112s] -- Detecting C compiler ABI info
[0.179s] -- Detecting C compiler ABI info - done
[0.188s] -- Check for working C compiler: /usr/bin/cc - skipped
[0.188s] -- Detecting C compile features
[0.189s] -- Detecting C compile features - done
[0.194s] -- Detecting CXX compiler ABI info
[0.264s] -- Detecting CXX compiler ABI info - done
[0.274s] -- Check for working CXX compiler: /usr/bin/c++ - skipped
[0.274s] -- Detecting CXX compile features
[0.274s] -- Detecting CXX compile features - done
[0.279s] -- Found ament_cmake: 2.5.4 (/opt/ros/jazzy/share/ament_cmake/cmake)
[0.350s] -- Found Python3: /usr/bin/python3 (found version "3.12.3") found components: Interpreter 
[0.422s] -- Found rclcpp: 28.1.10 (/opt/ros/jazzy/share/rclcpp/cmake)
[0.463s] -- Found rosidl_generator_c: 4.6.5 (/opt/ros/jazzy/share/rosidl_generator_c/cmake)
[0.475s] -- Found rosidl_generator_cpp: 4.6.5 (/opt/ros/jazzy/share/rosidl_generator_cpp/cmake)
[0.489s] -- Using all available rosidl_typesupport_c: rosidl_typesupport_fastrtps_c;rosidl_typesupport_introspection_c
[0.504s] -- Using all available rosidl_typesupport_cpp: rosidl_typesupport_fastrtps_cpp;rosidl_typesupport_introspection_cpp
[0.563s] -- Found rmw_implementation_cmake: 7.3.2 (/opt/ros/jazzy/share/rmw_implementation_cmake/cmake)
[0.566s] -- Found rmw_fastrtps_cpp: 8.4.2 (/opt/ros/jazzy/share/rmw_fastrtps_cpp/cmake)
[0.615s] -- Found OpenSSL: /usr/lib/aarch64-linux-gnu/libcrypto.so (found version "3.0.13")  
[0.626s] -- Found FastRTPS: /opt/ros/jazzy/include (Required is at least version "2.13") 
[0.638s] -- Using RMW implementation 'rmw_fastrtps_cpp' as default
[0.691s] -- Found geometry_msgs: 5.3.6 (/opt/ros/jazzy/share/geometry_msgs/cmake)
[0.713s] -- Found ament_lint_auto: 0.17.2 (/opt/ros/jazzy/share/ament_lint_auto/cmake)
[0.788s] -- Added test 'copyright' to check source files copyright and LICENSE
[0.791s] -- Added test 'cppcheck' to perform static code analysis on C / C++ code
[0.791s] -- Configured cppcheck include dirs: 
[0.792s] -- Configured cppcheck exclude dirs and/or files: 
[0.795s] -- Added test 'cpplint' to check C / C++ code against the Google style
[0.795s] -- Configured cpplint exclude dirs and/or files: 
[0.797s] -- Added test 'lint_cmake' to check CMake code style
[0.800s] -- Added test 'uncrustify' to check C / C++ code style
[0.801s] -- Configured uncrustify additional arguments: 
[0.802s] -- Added test 'xmllint' to check XML markup files
[0.810s] -- Configuring done (0.8s)
[0.816s] [31mCMake Error at CMakeLists.txt:19 (add_executable):
[0.816s]   Cannot find source file:
[0.819s] 
[0.820s]     src/turtlesim_publisher.cpp
[0.820s] 
[0.820s]   Tried extensions .c .C .c++ .cc .cpp .cxx .cu .mpp .m .M .mm .ixx .cppm
[0.820s]   .ccm .cxxm .c++m .h .hh .h++ .hm .hpp .hxx .in .txx .f .F .for .f77 .f90
[0.820s]   .f95 .f03 .hip .ispc
[0.820s] 
[0.820s] [0m
[0.821s] [31mCMake Error at CMakeLists.txt:19 (add_executable):
[0.821s]   No SOURCES given to target: turtlesim_publisher
[0.821s] 
[0.821s] [0m
[0.821s] [0mCMake Generate step failed.  Build files cannot be regenerated correctly.[0m
[0.822s] Invoked command in '/ros_ws/bento_ws/src/build/turtle_controller' returned '1': CMAKE_PREFIX_PATH=${CMAKE_PREFIX_PATH}:/opt/ros/jazzy /usr/bin/cmake /ros_ws/bento_ws/src/turtle_controller -DCMAKE_INSTALL_PREFIX=/ros_ws/bento_ws/src/install/turtle_controller
