[0.006s] Invoking command in '/ros_ws/bento_ws/src/build/turtle_controller': CMAKE_PREFIX_PATH=${CMAKE_PREFIX_PATH}:/opt/ros/jazzy /usr/bin/cmake /ros_ws/bento_ws/src/turtle_controller -DCMAKE_INSTALL_PREFIX=/ros_ws/bento_ws/src/install/turtle_controller
[0.015s] -- Found ament_cmake: 2.5.4 (/opt/ros/jazzy/share/ament_cmake/cmake)
[0.125s] -- Found rclcpp: 28.1.10 (/opt/ros/jazzy/share/rclcpp/cmake)
[0.139s] -- Found rosidl_generator_c: 4.6.5 (/opt/ros/jazzy/share/rosidl_generator_c/cmake)
[0.144s] -- Found rosidl_generator_cpp: 4.6.5 (/opt/ros/jazzy/share/rosidl_generator_cpp/cmake)
[0.152s] -- Using all available rosidl_typesupport_c: rosidl_typesupport_fastrtps_c;rosidl_typesupport_introspection_c
[0.160s] -- Using all available rosidl_typesupport_cpp: rosidl_typesupport_fastrtps_cpp;rosidl_typesupport_introspection_cpp
[0.193s] -- Found rmw_implementation_cmake: 7.3.2 (/opt/ros/jazzy/share/rmw_implementation_cmake/cmake)
[0.195s] -- Found rmw_fastrtps_cpp: 8.4.2 (/opt/ros/jazzy/share/rmw_fastrtps_cpp/cmake)
[0.228s] -- Using RMW implementation 'rmw_fastrtps_cpp' as default
[0.259s] -- Found geometry_msgs: 5.3.6 (/opt/ros/jazzy/share/geometry_msgs/cmake)
[0.274s] -- Found ament_lint_auto: 0.17.2 (/opt/ros/jazzy/share/ament_lint_auto/cmake)
[0.323s] [31mCMake Error at CMakeLists.txt:25 (install):
[0.323s]   install TARGETS given target "turtle_control.cpp" which does not exist.
[0.323s] 
[0.323s] [0m
[0.327s] -- Added test 'copyright' to check source files copyright and LICENSE
[0.331s] -- Added test 'cppcheck' to perform static code analysis on C / C++ code
[0.331s] -- Configured cppcheck include dirs: 
[0.331s] -- Configured cppcheck exclude dirs and/or files: 
[0.334s] -- Added test 'cpplint' to check C / C++ code against the Google style
[0.334s] -- Configured cpplint exclude dirs and/or files: 
[0.335s] -- Added test 'lint_cmake' to check CMake code style
[0.339s] -- Added test 'uncrustify' to check C / C++ code style
[0.339s] -- Configured uncrustify additional arguments: 
[0.340s] -- Added test 'xmllint' to check XML markup files
[0.343s] -- Configuring incomplete, errors occurred!
[0.347s] Invoked command in '/ros_ws/bento_ws/src/build/turtle_controller' returned '1': CMAKE_PREFIX_PATH=${CMAKE_PREFIX_PATH}:/opt/ros/jazzy /usr/bin/cmake /ros_ws/bento_ws/src/turtle_controller -DCMAKE_INSTALL_PREFIX=/ros_ws/bento_ws/src/install/turtle_controller
